#! /usr/bin/vvp
:ivl_version "10.3 (stable)";
:ivl_delay_selection "TYPICAL";
:vpi_time_precision + 0;
:vpi_module "system";
:vpi_module "vhdl_sys";
:vpi_module "v2005_math";
:vpi_module "va_math";
S_0x55def02a15b0 .scope module, "tb_alu" "tb_alu" 2 1;
 .timescale 0 0;
v0x55def02b9520_0 .var "a", 15 0;
v0x55def02b9600_0 .var "b", 15 0;
v0x55def02b96d0_0 .var "clk", 0 0;
v0x55def02b97d0_0 .net "q", 15 0, v0x55def02b9190_0;  1 drivers
v0x55def02b98a0_0 .var "reset", 0 0;
v0x55def02b9990_0 .var "sel", 2 0;
S_0x55def02a1730 .scope module, "uut" "alu" 2 9, 3 1 0, S_0x55def02a15b0;
 .timescale 0 0;
    .port_info 0 /INPUT 16 "a"
    .port_info 1 /INPUT 16 "b"
    .port_info 2 /INPUT 3 "sel"
    .port_info 3 /INPUT 1 "clk"
    .port_info 4 /INPUT 1 "reset"
    .port_info 5 /OUTPUT 16 "q"
v0x55def0269120_0 .net "a", 15 0, v0x55def02b9520_0;  1 drivers
v0x55def02b9010_0 .net "b", 15 0, v0x55def02b9600_0;  1 drivers
v0x55def02b90f0_0 .net "clk", 0 0, v0x55def02b96d0_0;  1 drivers
v0x55def02b9190_0 .var "q", 15 0;
v0x55def02b9270_0 .net "reset", 0 0, v0x55def02b98a0_0;  1 drivers
v0x55def02b9380_0 .net "sel", 2 0, v0x55def02b9990_0;  1 drivers
E_0x55def029ee30 .event posedge, v0x55def02b90f0_0;
    .scope S_0x55def02a1730;
T_0 ;
    %wait E_0x55def029ee30;
    %load/vec4 v0x55def02b9270_0;
    %flag_set/vec4 8;
    %jmp/0xz  T_0.0, 8;
    %pushi/vec4 0, 0, 16;
    %assign/vec4 v0x55def02b9190_0, 0;
    %jmp T_0.1;
T_0.0 ;
    %load/vec4 v0x55def02b9380_0;
    %dup/vec4;
    %pushi/vec4 0, 0, 3;
    %cmp/u;
    %jmp/1 T_0.2, 6;
    %dup/vec4;
    %pushi/vec4 1, 0, 3;
    %cmp/u;
    %jmp/1 T_0.3, 6;
    %dup/vec4;
    %pushi/vec4 2, 0, 3;
    %cmp/u;
    %jmp/1 T_0.4, 6;
    %dup/vec4;
    %pushi/vec4 3, 0, 3;
    %cmp/u;
    %jmp/1 T_0.5, 6;
    %dup/vec4;
    %pushi/vec4 4, 0, 3;
    %cmp/u;
    %jmp/1 T_0.6, 6;
    %dup/vec4;
    %pushi/vec4 5, 0, 3;
    %cmp/u;
    %jmp/1 T_0.7, 6;
    %dup/vec4;
    %pushi/vec4 6, 0, 3;
    %cmp/u;
    %jmp/1 T_0.8, 6;
    %dup/vec4;
    %pushi/vec4 7, 0, 3;
    %cmp/u;
    %jmp/1 T_0.9, 6;
    %pushi/vec4 255, 255, 16;
    %assign/vec4 v0x55def02b9190_0, 0;
    %jmp T_0.11;
T_0.2 ;
    %load/vec4 v0x55def0269120_0;
    %load/vec4 v0x55def02b9010_0;
    %add;
    %assign/vec4 v0x55def02b9190_0, 0;
    %jmp T_0.11;
T_0.3 ;
    %load/vec4 v0x55def0269120_0;
    %load/vec4 v0x55def02b9010_0;
    %sub;
    %assign/vec4 v0x55def02b9190_0, 0;
    %jmp T_0.11;
T_0.4 ;
    %load/vec4 v0x55def0269120_0;
    %load/vec4 v0x55def02b9010_0;
    %mul;
    %assign/vec4 v0x55def02b9190_0, 0;
    %jmp T_0.11;
T_0.5 ;
    %load/vec4 v0x55def0269120_0;
    %load/vec4 v0x55def02b9010_0;
    %mod;
    %assign/vec4 v0x55def02b9190_0, 0;
    %jmp T_0.11;
T_0.6 ;
    %load/vec4 v0x55def0269120_0;
    %load/vec4 v0x55def02b9010_0;
    %and;
    %assign/vec4 v0x55def02b9190_0, 0;
    %jmp T_0.11;
T_0.7 ;
    %load/vec4 v0x55def0269120_0;
    %load/vec4 v0x55def02b9010_0;
    %or;
    %assign/vec4 v0x55def02b9190_0, 0;
    %jmp T_0.11;
T_0.8 ;
    %load/vec4 v0x55def0269120_0;
    %load/vec4 v0x55def02b9010_0;
    %xor;
    %assign/vec4 v0x55def02b9190_0, 0;
    %jmp T_0.11;
T_0.9 ;
    %load/vec4 v0x55def0269120_0;
    %pushi/vec4 0, 0, 16;
    %cmp/e;
    %flag_get/vec4 4;
    %inv;
    %load/vec4 v0x55def02b9010_0;
    %pushi/vec4 0, 0, 16;
    %cmp/e;
    %flag_get/vec4 4;
    %inv;
    %and;
    %pad/u 16;
    %assign/vec4 v0x55def02b9190_0, 0;
    %jmp T_0.11;
T_0.11 ;
    %pop/vec4 1;
T_0.1 ;
    %jmp T_0;
    .thread T_0;
    .scope S_0x55def02a15b0;
T_1 ;
    %pushi/vec4 0, 0, 1;
    %store/vec4 v0x55def02b96d0_0, 0, 1;
    %end;
    .thread T_1;
    .scope S_0x55def02a15b0;
T_2 ;
    %delay 10, 0;
    %load/vec4 v0x55def02b96d0_0;
    %inv;
    %store/vec4 v0x55def02b96d0_0, 0, 1;
    %jmp T_2;
    .thread T_2;
    .scope S_0x55def02a15b0;
T_3 ;
    %pushi/vec4 0, 0, 1;
    %store/vec4 v0x55def02b98a0_0, 0, 1;
    %pushi/vec4 23, 0, 16;
    %store/vec4 v0x55def02b9520_0, 0, 16;
    %pushi/vec4 43, 0, 16;
    %store/vec4 v0x55def02b9600_0, 0, 16;
    %pushi/vec4 0, 0, 3;
    %store/vec4 v0x55def02b9990_0, 0, 3;
    %delay 20, 0;
    %pushi/vec4 45, 0, 16;
    %store/vec4 v0x55def02b9520_0, 0, 16;
    %pushi/vec4 4, 0, 16;
    %store/vec4 v0x55def02b9600_0, 0, 16;
    %pushi/vec4 1, 0, 3;
    %store/vec4 v0x55def02b9990_0, 0, 3;
    %delay 20, 0;
    %pushi/vec4 33, 0, 16;
    %store/vec4 v0x55def02b9520_0, 0, 16;
    %pushi/vec4 7, 0, 16;
    %store/vec4 v0x55def02b9600_0, 0, 16;
    %pushi/vec4 2, 0, 3;
    %store/vec4 v0x55def02b9990_0, 0, 3;
    %delay 20, 0;
    %pushi/vec4 86, 0, 16;
    %store/vec4 v0x55def02b9520_0, 0, 16;
    %pushi/vec4 6, 0, 16;
    %store/vec4 v0x55def02b9600_0, 0, 16;
    %pushi/vec4 3, 0, 3;
    %store/vec4 v0x55def02b9990_0, 0, 3;
    %delay 20, 0;
    %pushi/vec4 44, 0, 16;
    %store/vec4 v0x55def02b9520_0, 0, 16;
    %pushi/vec4 22, 0, 16;
    %store/vec4 v0x55def02b9600_0, 0, 16;
    %pushi/vec4 4, 0, 3;
    %store/vec4 v0x55def02b9990_0, 0, 3;
    %delay 20, 0;
    %pushi/vec4 34, 0, 16;
    %store/vec4 v0x55def02b9520_0, 0, 16;
    %pushi/vec4 12, 0, 16;
    %store/vec4 v0x55def02b9600_0, 0, 16;
    %pushi/vec4 5, 0, 3;
    %store/vec4 v0x55def02b9990_0, 0, 3;
    %delay 20, 0;
    %pushi/vec4 67, 0, 16;
    %store/vec4 v0x55def02b9520_0, 0, 16;
    %pushi/vec4 78, 0, 16;
    %store/vec4 v0x55def02b9600_0, 0, 16;
    %pushi/vec4 6, 0, 3;
    %store/vec4 v0x55def02b9990_0, 0, 3;
    %delay 20, 0;
    %pushi/vec4 3, 0, 16;
    %store/vec4 v0x55def02b9520_0, 0, 16;
    %pushi/vec4 7, 0, 16;
    %store/vec4 v0x55def02b9600_0, 0, 16;
    %pushi/vec4 7, 0, 3;
    %store/vec4 v0x55def02b9990_0, 0, 3;
    %delay 20, 0;
    %pushi/vec4 1, 0, 1;
    %store/vec4 v0x55def02b98a0_0, 0, 1;
    %delay 40, 0;
    %vpi_call 2 29 "$finish" {0 0 0};
    %end;
    .thread T_3;
    .scope S_0x55def02a15b0;
T_4 ;
    %vpi_call 2 34 "$monitor", "q = %d", v0x55def02b97d0_0 {0 0 0};
    %vpi_call 2 35 "$dumpfile", "alu.vcd" {0 0 0};
    %vpi_call 2 36 "$dumpvars" {0 0 0};
    %end;
    .thread T_4;
# The file index is used to find the file name in the following table.
:file_names 4;
    "N/A";
    "<interactive>";
    "tb_alu.v";
    "alu.v";
